Updated brewers at 2018-03-23 16:00:30.033734
Authenticated as BrewersBort
Updated brewers at 2018-03-24 00:00:31.256972
Authenticated as BrewersBort
Updated brewers at 2018-03-24 04:00:30.953159
Authenticated as BrewersBort
Updated brewers at 2018-03-24 08:00:29.733955
Authenticated as BrewersBort
Updated brewers at 2018-03-24 12:00:32.289503
Authenticated as BrewersBort
Updated brewers at 2018-03-24 16:00:31.150266
Authenticated as BrewersBort
Updated brewers at 2018-03-24 20:00:28.307618
Authenticated as BrewersBort
Updated brewers at 2018-03-25 00:01:00.216793
Authenticated as BrewersBort
Updated brewers at 2018-03-25 04:00:31.050953
Authenticated as BrewersBort
Updated brewers at 2018-03-25 08:00:28.750820
Authenticated as BrewersBort
Updated brewers at 2018-03-25 12:00:34.564360
Authenticated as BrewersBort
Updated brewers at 2018-03-25 16:00:30.335695
Authenticated as BrewersBort
Updated brewers at 2018-03-25 20:00:29.773604
Authenticated as BrewersBort
Updated brewers at 2018-03-26 00:00:31.407032
Authenticated as BrewersBort
Updated brewers at 2018-03-26 04:00:30.052651
Authenticated as BrewersBort
Updated brewers at 2018-03-26 08:00:28.518940
Authenticated as BrewersBort
Updated brewers at 2018-03-26 12:00:33.919262
Authenticated as BrewersBort
Updated brewers at 2018-03-26 16:00:29.868977
Authenticated as BrewersBort
Updated brewers at 2018-03-26 20:00:32.242912
Authenticated as BrewersBort
Updated brewers at 2018-03-27 00:00:28.826089
Authenticated as BrewersBort
Updated brewers at 2018-03-27 04:00:29.202161
Authenticated as BrewersBort
Updated brewers at 2018-03-27 08:00:30.729553
Authenticated as BrewersBort
Updated brewers at 2018-03-27 12:00:28.567496
Authenticated as BrewersBort
Updated brewers at 2018-03-27 16:00:30.636167
Authenticated as BrewersBort
Updated brewers at 2018-03-27 20:00:50.267616
Authenticated as BrewersBort
Updated brewers at 2018-03-28 00:00:28.899014
Authenticated as BrewersBort
Updated brewers at 2018-03-28 04:00:36.325929
Version 5.3.0 of praw is outdated. Version 5.4.0 was released 1 hour ago.
Authenticated as BrewersBort
Updated brewers at 2018-03-28 08:00:29.604142
Version 5.3.0 of praw is outdated. Version 5.4.0 was released 5 hours ago.
Authenticated as BrewersBort
Updated brewers at 2018-03-28 12:00:43.523128
Version 5.3.0 of praw is outdated. Version 5.4.0 was released 9 hours ago.
Authenticated as BrewersBort
Updated brewers at 2018-03-28 16:00:30.008893
Version 5.3.0 of praw is outdated. Version 5.4.0 was released 13 hours ago.
Authenticated as BrewersBort
Updated brewers at 2018-03-28 20:00:30.240530
Version 5.3.0 of praw is outdated. Version 5.4.0 was released 17 hours ago.
Authenticated as BrewersBort
Updated brewers at 2018-03-29 00:00:28.122453
Version 5.3.0 of praw is outdated. Version 5.4.0 was released 21 hours ago.
Authenticated as BrewersBort
Updated brewers at 2018-03-29 04:00:27.484722
Version 5.3.0 of praw is outdated. Version 5.4.0 was released 1 day ago.
Authenticated as BrewersBort
Updated brewers at 2018-03-29 08:00:27.080215
Version 5.3.0 of praw is outdated. Version 5.4.0 was released 1 day ago.
Authenticated as BrewersBort
Updated brewers at 2018-03-29 12:00:27.827728
Version 5.3.0 of praw is outdated. Version 5.4.0 was released 1 day ago.
Authenticated as BrewersBort
Updated brewers at 2018-03-29 16:00:27.743212
Version 5.3.0 of praw is outdated. Version 5.4.0 was released 1 day ago.
Authenticated as BrewersBort
Updated brewers at 2018-03-29 20:00:35.212949
Version 5.3.0 of praw is outdated. Version 5.4.0 was released 1 day ago.
Authenticated as BrewersBort
Updated brewers at 2018-03-30 00:00:36.817045
Version 5.3.0 of praw is outdated. Version 5.4.0 was released 1 day ago.
Authenticated as BrewersBort
Updated brewers at 2018-03-30 04:00:29.519021
Version 5.3.0 of praw is outdated. Version 5.4.0 was released 2 days ago.
Authenticated as BrewersBort
Updated brewers at 2018-03-30 08:00:27.150636
Version 5.3.0 of praw is outdated. Version 5.4.0 was released 2 days ago.
Authenticated as BrewersBort
Updated brewers at 2018-03-30 12:00:34.447443
Version 5.3.0 of praw is outdated. Version 5.4.0 was released 2 days ago.
Authenticated as BrewersBort
Updated brewers at 2018-03-30 16:00:28.068187
